Job 2144248: Running on node(s) kent
Job 2144248: Started at 2025-09-04 11:30:56+0200
Monitor this job here: http://monitoring.pegasus.kl.dfki.de/d/slurm-job-details/job-details?var-jobid=2144248&from=1756978256000
srun: jobinfo: version v1.0.0
Job 2144248: Running on node(s) kent
Job 2144248: Started at 2025-09-04 11:30:56+0200
Monitor this job here: http://monitoring.pegasus.kl.dfki.de/d/slurm-job-details/job-details?var-jobid=2144248&from=1756978256000
Job 2144248: creating container for /netscratch/fschulz/video_deanon_train.sqsh
Job 2144248: creating container for /netscratch/fschulz/video_deanon_train.sqsh took 37.7 seconds
/home/fschulz/video_deanon_train/train.py:58: FutureWarning: `torch.cuda.amp.GradScaler(args...)` is deprecated. Please use `torch.amp.GradScaler('cuda', args...)` instead.
  scaler = torch.cuda.amp.GradScaler(enabled=args.amp)
INFO: Created TensorFlow Lite XNNPACK delegate for CPU.
WARNING: All log messages before absl::InitializeLog() is called are written to STDERR
W0000 00:00:1756978298.311648  372039 inference_feedback_manager.cc:114] Feedback manager requires a model with a single signature inference. Disabling support for feedback tensors.
INFO: Created TensorFlow Lite XNNPACK delegate for CPU.
W0000 00:00:1756978298.322700  372039 inference_feedback_manager.cc:114] Feedback manager requires a model with a single signature inference. Disabling support for feedback tensors.
W0000 00:00:1756978298.325058  372085 landmark_projection_calculator.cc:186] Using NORM_RECT without IMAGE_DIMENSIONS is only supported for the square ROI. Provide IMAGE_DIMENSIONS or use PROJECTION_MATRIX.
WARNING: All log messages before absl::InitializeLog() is called are written to STDERR
W0000 00:00:1756978298.325813  372096 inference_feedback_manager.cc:114] Feedback manager requires a model with a single signature inference. Disabling support for feedback tensors.
W0000 00:00:1756978298.338482  372096 inference_feedback_manager.cc:114] Feedback manager requires a model with a single signature inference. Disabling support for feedback tensors.
W0000 00:00:1756978298.341120  372116 landmark_projection_calculator.cc:186] Using NORM_RECT without IMAGE_DIMENSIONS is only supported for the square ROI. Provide IMAGE_DIMENSIONS or use PROJECTION_MATRIX.
W0000 00:00:1756978299.291666  372166 inference_feedback_manager.cc:114] Feedback manager requires a model with a single signature inference. Disabling support for feedback tensors.
W0000 00:00:1756978299.302977  372166 inference_feedback_manager.cc:114] Feedback manager requires a model with a single signature inference. Disabling support for feedback tensors.
W0000 00:00:1756978299.446575  372228 inference_feedback_manager.cc:114] Feedback manager requires a model with a single signature inference. Disabling support for feedback tensors.
W0000 00:00:1756978299.457241  372244 inference_feedback_manager.cc:114] Feedback manager requires a model with a single signature inference. Disabling support for feedback tensors.
W0000 00:00:1756978300.337786  372294 inference_feedback_manager.cc:114] Feedback manager requires a model with a single signature inference. Disabling support for feedback tensors.
W0000 00:00:1756978300.350310  372310 inference_feedback_manager.cc:114] Feedback manager requires a model with a single signature inference. Disabling support for feedback tensors.
W0000 00:00:1756978300.364280  372352 inference_feedback_manager.cc:114] Feedback manager requires a model with a single signature inference. Disabling support for feedback tensors.
W0000 00:00:1756978300.376473  372371 inference_feedback_manager.cc:114] Feedback manager requires a model with a single signature inference. Disabling support for feedback tensors.
W0000 00:00:1756978301.409690  372422 inference_feedback_manager.cc:114] Feedback manager requires a model with a single signature inference. Disabling support for feedback tensors.
W0000 00:00:1756978301.420718  372422 inference_feedback_manager.cc:114] Feedback manager requires a model with a single signature inference. Disabling support for feedback tensors.
W0000 00:00:1756978301.533547  372481 inference_feedback_manager.cc:114] Feedback manager requires a model with a single signature inference. Disabling support for feedback tensors.
W0000 00:00:1756978301.548040  372481 inference_feedback_manager.cc:114] Feedback manager requires a model with a single signature inference. Disabling support for feedback tensors.
W0000 00:00:1756978302.558621  372552 inference_feedback_manager.cc:114] Feedback manager requires a model with a single signature inference. Disabling support for feedback tensors.
W0000 00:00:1756978302.570864  372552 inference_feedback_manager.cc:114] Feedback manager requires a model with a single signature inference. Disabling support for feedback tensors.
W0000 00:00:1756978303.094665  372609 inference_feedback_manager.cc:114] Feedback manager requires a model with a single signature inference. Disabling support for feedback tensors.
W0000 00:00:1756978303.105312  372635 inference_feedback_manager.cc:114] Feedback manager requires a model with a single signature inference. Disabling support for feedback tensors.
W0000 00:00:1756978303.706501  372677 inference_feedback_manager.cc:114] Feedback manager requires a model with a single signature inference. Disabling support for feedback tensors.
W0000 00:00:1756978303.716333  372677 inference_feedback_manager.cc:114] Feedback manager requires a model with a single signature inference. Disabling support for feedback tensors.
W0000 00:00:1756978304.394593  372740 inference_feedback_manager.cc:114] Feedback manager requires a model with a single signature inference. Disabling support for feedback tensors.
W0000 00:00:1756978304.407434  372740 inference_feedback_manager.cc:114] Feedback manager requires a model with a single signature inference. Disabling support for feedback tensors.
Amount of Frames: 97
Amount of Distances: 7875
Amount of Clips: 27
Amount of Frames: 104
Amount of Distances: 7875
Amount of Clips: 34
Amount of Frames: 105
Amount of Distances: 7875
Amount of Clips: 35
Amount of Frames: 118
Amount of Distances: 7875
Amount of Clips: 48
Amount of Frames: 67
Amount of Distances: 7875
Warning: No clips could be extracted from /netscratch/fschulz/tav-d-debug/cremad_id002/cremad_id002_31.mp4. Returning zero tensor.
Amount of Frames: 72
Amount of Distances: 7875
Amount of Clips: 2
Amount of Frames: 86
Amount of Distances: 7875
Amount of Clips: 16
Amount of Frames: 92
Amount of Distances: 7875
Amount of Clips: 22
Amount of Frames: 111
Amount of Distances: 7875
Amount of Clips: 41
Amount of Frames: 96
Amount of Distances: 7875
Amount of Clips: 26
Amount of Frames: 115
Amount of Distances: 7875
Amount of Clips: 45
Amount of Frames: 96
Amount of Distances: 7875
Amount of Clips: 26
[rank0]: Traceback (most recent call last):
[rank0]:   File "/home/fschulz/video_deanon_train/train.py", line 100, in <module>
[rank0]:     main()
[rank0]:   File "/home/fschulz/video_deanon_train/train.py", line 66, in main
[rank0]:     segments, driver_ids, video_ids, clip_is_shuffled, original_pair_idx = batch
[rank0]: ValueError: too many values to unpack (expected 5)
[rank0]:[W904 11:31:45.873418953 ProcessGroupNCCL.cpp:1538] Warning: WARNING: destroy_process_group() was not called before program exit, which can leak resources. For more info, please see https://pytorch.org/docs/stable/distributed.html#shutdown (function operator())
srun: error: kent: task 0: Exited with exit code 1
srun: Terminating StepId=2144248.0
