Job 2144139: Running on node(s) kent
Job 2144139: Started at 2025-09-04 11:00:00+0200
Monitor this job here: http://monitoring.pegasus.kl.dfki.de/d/slurm-job-details/job-details?var-jobid=2144139&from=1756976400000
srun: jobinfo: version v1.0.0
Job 2144139: Running on node(s) kent
Job 2144139: Started at 2025-09-04 11:00:00+0200
Monitor this job here: http://monitoring.pegasus.kl.dfki.de/d/slurm-job-details/job-details?var-jobid=2144139&from=1756976400000
Job 2144139: creating container for /netscratch/fschulz/video_deanon_train.sqsh
Job 2144139: creating container for /netscratch/fschulz/video_deanon_train.sqsh took 36.1 seconds
/home/fschulz/video_deanon_train/train.py:58: FutureWarning: `torch.cuda.amp.GradScaler(args...)` is deprecated. Please use `torch.amp.GradScaler('cuda', args...)` instead.
  scaler = torch.cuda.amp.GradScaler(enabled=args.amp)
INFO: Created TensorFlow Lite XNNPACK delegate for CPU.
WARNING: All log messages before absl::InitializeLog() is called are written to STDERR
W0000 00:00:1756976440.476896  356752 inference_feedback_manager.cc:114] Feedback manager requires a model with a single signature inference. Disabling support for feedback tensors.
W0000 00:00:1756976440.485980  356773 inference_feedback_manager.cc:114] Feedback manager requires a model with a single signature inference. Disabling support for feedback tensors.
W0000 00:00:1756976440.488319  356800 landmark_projection_calculator.cc:186] Using NORM_RECT without IMAGE_DIMENSIONS is only supported for the square ROI. Provide IMAGE_DIMENSIONS or use PROJECTION_MATRIX.
INFO: Created TensorFlow Lite XNNPACK delegate for CPU.
WARNING: All log messages before absl::InitializeLog() is called are written to STDERR
W0000 00:00:1756976440.511550  356819 inference_feedback_manager.cc:114] Feedback manager requires a model with a single signature inference. Disabling support for feedback tensors.
W0000 00:00:1756976440.525536  356838 inference_feedback_manager.cc:114] Feedback manager requires a model with a single signature inference. Disabling support for feedback tensors.
W0000 00:00:1756976440.528145  356841 landmark_projection_calculator.cc:186] Using NORM_RECT without IMAGE_DIMENSIONS is only supported for the square ROI. Provide IMAGE_DIMENSIONS or use PROJECTION_MATRIX.
W0000 00:00:1756976441.461626  356891 inference_feedback_manager.cc:114] Feedback manager requires a model with a single signature inference. Disabling support for feedback tensors.
W0000 00:00:1756976441.475557  356891 inference_feedback_manager.cc:114] Feedback manager requires a model with a single signature inference. Disabling support for feedback tensors.
W0000 00:00:1756976441.609157  356949 inference_feedback_manager.cc:114] Feedback manager requires a model with a single signature inference. Disabling support for feedback tensors.
W0000 00:00:1756976441.620766  356949 inference_feedback_manager.cc:114] Feedback manager requires a model with a single signature inference. Disabling support for feedback tensors.
W0000 00:00:1756976442.674818  357015 inference_feedback_manager.cc:114] Feedback manager requires a model with a single signature inference. Disabling support for feedback tensors.
W0000 00:00:1756976442.686638  357035 inference_feedback_manager.cc:114] Feedback manager requires a model with a single signature inference. Disabling support for feedback tensors.
W0000 00:00:1756976442.693725  357072 inference_feedback_manager.cc:114] Feedback manager requires a model with a single signature inference. Disabling support for feedback tensors.
W0000 00:00:1756976442.706559  357089 inference_feedback_manager.cc:114] Feedback manager requires a model with a single signature inference. Disabling support for feedback tensors.
W0000 00:00:1756976443.822969  357147 inference_feedback_manager.cc:114] Feedback manager requires a model with a single signature inference. Disabling support for feedback tensors.
W0000 00:00:1756976443.824314  357198 inference_feedback_manager.cc:114] Feedback manager requires a model with a single signature inference. Disabling support for feedback tensors.
W0000 00:00:1756976443.834876  357172 inference_feedback_manager.cc:114] Feedback manager requires a model with a single signature inference. Disabling support for feedback tensors.
W0000 00:00:1756976443.837118  357220 inference_feedback_manager.cc:114] Feedback manager requires a model with a single signature inference. Disabling support for feedback tensors.
W0000 00:00:1756976444.904626  357268 inference_feedback_manager.cc:114] Feedback manager requires a model with a single signature inference. Disabling support for feedback tensors.
W0000 00:00:1756976444.915357  357287 inference_feedback_manager.cc:114] Feedback manager requires a model with a single signature inference. Disabling support for feedback tensors.
W0000 00:00:1756976445.383863  357335 inference_feedback_manager.cc:114] Feedback manager requires a model with a single signature inference. Disabling support for feedback tensors.
W0000 00:00:1756976445.395081  357335 inference_feedback_manager.cc:114] Feedback manager requires a model with a single signature inference. Disabling support for feedback tensors.
W0000 00:00:1756976446.150830  357400 inference_feedback_manager.cc:114] Feedback manager requires a model with a single signature inference. Disabling support for feedback tensors.
W0000 00:00:1756976446.160460  357416 inference_feedback_manager.cc:114] Feedback manager requires a model with a single signature inference. Disabling support for feedback tensors.
W0000 00:00:1756976446.686784  357461 inference_feedback_manager.cc:114] Feedback manager requires a model with a single signature inference. Disabling support for feedback tensors.
W0000 00:00:1756976446.697211  357476 inference_feedback_manager.cc:114] Feedback manager requires a model with a single signature inference. Disabling support for feedback tensors.
[rank0]: Traceback (most recent call last):
[rank0]:   File "/home/fschulz/video_deanon_train/train.py", line 100, in <module>
[rank0]:     main()
[rank0]:   File "/home/fschulz/video_deanon_train/train.py", line 64, in main
[rank0]:     for step, batch in enumerate(loader):
[rank0]:   File "/usr/local/lib/python3.10/dist-packages/torch/utils/data/dataloader.py", line 734, in __next__
[rank0]:     data = self._next_data()
[rank0]:   File "/usr/local/lib/python3.10/dist-packages/torch/utils/data/dataloader.py", line 1516, in _next_data
[rank0]:     return self._process_data(data, worker_id)
[rank0]:   File "/usr/local/lib/python3.10/dist-packages/torch/utils/data/dataloader.py", line 1551, in _process_data
[rank0]:     data.reraise()
[rank0]:   File "/usr/local/lib/python3.10/dist-packages/torch/_utils.py", line 769, in reraise
[rank0]:     raise exception
[rank0]: ValueError: Caught ValueError in DataLoader worker process 0.
[rank0]: Original Traceback (most recent call last):
[rank0]:   File "/usr/local/lib/python3.10/dist-packages/torch/utils/data/_utils/worker.py", line 349, in _worker_loop
[rank0]:     data = fetcher.fetch(index)  # type: ignore[possibly-undefined]
[rank0]:   File "/usr/local/lib/python3.10/dist-packages/torch/utils/data/_utils/fetch.py", line 55, in fetch
[rank0]:     return self.collate_fn(data)
[rank0]:   File "/home/fschulz/video_deanon_train/sampler.py", line 133, in avatar_collate_fn
[rank0]:     driver_ids_tensor = torch.tensor(driver_ids, dtype=torch.long)
[rank0]: ValueError: too many dimensions 'str'

[rank0]:[W904 11:00:47.009105648 ProcessGroupNCCL.cpp:1538] Warning: WARNING: destroy_process_group() was not called before program exit, which can leak resources. For more info, please see https://pytorch.org/docs/stable/distributed.html#shutdown (function operator())
srun: error: kent: task 0: Exited with exit code 1
srun: Terminating StepId=2144139.0
